{"C:\\Users\\GodFaz75\\Desktop\\OpenClassroom\\livrable\\Livrable_9\\Billed\\Billed-app-FR-Front\\src\\constants\\routes.js": {"path":"C:\\Users\\GodFaz75\\Desktop\\OpenClassroom\\livrable\\Livrable_9\\Billed\\Billed-app-FR-Front\\src\\constants\\routes.js","statementMap":{"0":{"start":{"line":6,"column":27},"end":{"line":11,"column":1}},"1":{"start":{"line":13,"column":22},"end":{"line":26,"column":1}},"2":{"start":{"line":14,"column":2},"end":{"line":25,"column":3}},"3":{"start":{"line":16,"column":6},"end":{"line":16,"column":46}},"4":{"start":{"line":18,"column":6},"end":{"line":18,"column":46}},"5":{"start":{"line":20,"column":6},"end":{"line":20,"column":24}},"6":{"start":{"line":22,"column":6},"end":{"line":22,"column":50}},"7":{"start":{"line":24,"column":6},"end":{"line":24,"column":46}}},"fnMap":{"0":{"name":"(anonymous_0)","decl":{"start":{"line":13,"column":22},"end":{"line":13,"column":23}},"loc":{"start":{"line":13,"column":62},"end":{"line":26,"column":1}},"line":13}},"branchMap":{"0":{"loc":{"start":{"line":14,"column":2},"end":{"line":25,"column":3}},"type":"switch","locations":[{"start":{"line":15,"column":4},"end":{"line":16,"column":46}},{"start":{"line":17,"column":4},"end":{"line":18,"column":46}},{"start":{"line":19,"column":4},"end":{"line":20,"column":24}},{"start":{"line":21,"column":4},"end":{"line":22,"column":50}},{"start":{"line":23,"column":4},"end":{"line":24,"column":46}}],"line":14}},"s":{"0":6,"1":6,"2":52,"3":13,"4":17,"5":9,"6":12,"7":1},"f":{"0":52},"b":{"0":[13,17,9,12,1]},"_coverageSchema":"1a1c01bbd47fc00a2c39e90264f33305004495a9","hash":"1be149ec15ad854f3adabdd069ddc3a16d6b2857"}
,"C:\\Users\\GodFaz75\\Desktop\\OpenClassroom\\livrable\\Livrable_9\\Billed\\Billed-app-FR-Front\\src\\constants\\usersTest.js": {"path":"C:\\Users\\GodFaz75\\Desktop\\OpenClassroom\\livrable\\Livrable_9\\Billed\\Billed-app-FR-Front\\src\\constants\\usersTest.js","statementMap":{},"fnMap":{},"branchMap":{},"s":{},"f":{},"b":{},"_coverageSchema":"1a1c01bbd47fc00a2c39e90264f33305004495a9","hash":"334754420340ea13d2c53a8d5d46e18ed83824e9"}
,"C:\\Users\\GodFaz75\\Desktop\\OpenClassroom\\livrable\\Livrable_9\\Billed\\Billed-app-FR-Front\\src\\containers\\Bills.js": {"path":"C:\\Users\\GodFaz75\\Desktop\\OpenClassroom\\livrable\\Livrable_9\\Billed\\Billed-app-FR-Front\\src\\containers\\Bills.js","statementMap":{"0":{"start":{"line":7,"column":4},"end":{"line":7,"column":29}},"1":{"start":{"line":8,"column":4},"end":{"line":8,"column":33}},"2":{"start":{"line":9,"column":4},"end":{"line":9,"column":23}},"3":{"start":{"line":10,"column":26},"end":{"line":10,"column":86}},"4":{"start":{"line":11,"column":4},"end":{"line":11,"column":88}},"5":{"start":{"line":11,"column":23},"end":{"line":11,"column":88}},"6":{"start":{"line":12,"column":20},"end":{"line":12,"column":76}},"7":{"start":{"line":13,"column":4},"end":{"line":15,"column":7}},"8":{"start":{"line":13,"column":17},"end":{"line":15,"column":7}},"9":{"start":{"line":14,"column":6},"end":{"line":14,"column":74}},"10":{"start":{"line":14,"column":43},"end":{"line":14,"column":72}},"11":{"start":{"line":16,"column":4},"end":{"line":16,"column":55}},"12":{"start":{"line":19,"column":23},"end":{"line":21,"column":3}},"13":{"start":{"line":20,"column":4},"end":{"line":20,"column":44}},"14":{"start":{"line":23,"column":23},"end":{"line":28,"column":3}},"15":{"start":{"line":24,"column":20},"end":{"line":24,"column":54}},"16":{"start":{"line":25,"column":21},"end":{"line":25,"column":63}},"17":{"start":{"line":26,"column":4},"end":{"line":26,"column":169}},"18":{"start":{"line":27,"column":4},"end":{"line":27,"column":35}},"19":{"start":{"line":30,"column":13},"end":{"line":64,"column":3}},"20":{"start":{"line":31,"column":4},"end":{"line":63,"column":5}},"21":{"start":{"line":32,"column":6},"end":{"line":62,"column":11}},"22":{"start":{"line":36,"column":24},"end":{"line":56,"column":14}},"23":{"start":{"line":38,"column":14},"end":{"line":51,"column":15}},"24":{"start":{"line":39,"column":16},"end":{"line":43,"column":17}},"25":{"start":{"line":45,"column":16},"end":{"line":45,"column":43}},"26":{"start":{"line":46,"column":16},"end":{"line":50,"column":17}},"27":{"start":{"line":55,"column":14},"end":{"line":55,"column":77}},"28":{"start":{"line":59,"column":10},"end":{"line":59,"column":69}},"29":{"start":{"line":59,"column":57},"end":{"line":59,"column":66}},"30":{"start":{"line":61,"column":10},"end":{"line":61,"column":23}}},"fnMap":{"0":{"name":"(anonymous_0)","decl":{"start":{"line":6,"column":2},"end":{"line":6,"column":3}},"loc":{"start":{"line":6,"column":61},"end":{"line":17,"column":3}},"line":6},"1":{"name":"(anonymous_1)","decl":{"start":{"line":13,"column":33},"end":{"line":13,"column":34}},"loc":{"start":{"line":13,"column":41},"end":{"line":15,"column":5}},"line":13},"2":{"name":"(anonymous_2)","decl":{"start":{"line":14,"column":37},"end":{"line":14,"column":38}},"loc":{"start":{"line":14,"column":43},"end":{"line":14,"column":72}},"line":14},"3":{"name":"(anonymous_3)","decl":{"start":{"line":19,"column":23},"end":{"line":19,"column":24}},"loc":{"start":{"line":19,"column":29},"end":{"line":21,"column":3}},"line":19},"4":{"name":"(anonymous_4)","decl":{"start":{"line":23,"column":23},"end":{"line":23,"column":24}},"loc":{"start":{"line":23,"column":33},"end":{"line":28,"column":3}},"line":23},"5":{"name":"(anonymous_5)","decl":{"start":{"line":30,"column":13},"end":{"line":30,"column":14}},"loc":{"start":{"line":30,"column":19},"end":{"line":64,"column":3}},"line":30},"6":{"name":"(anonymous_6)","decl":{"start":{"line":35,"column":14},"end":{"line":35,"column":15}},"loc":{"start":{"line":35,"column":26},"end":{"line":62,"column":9}},"line":35},"7":{"name":"(anonymous_7)","decl":{"start":{"line":37,"column":17},"end":{"line":37,"column":18}},"loc":{"start":{"line":37,"column":24},"end":{"line":52,"column":13}},"line":37},"8":{"name":"(anonymous_8)","decl":{"start":{"line":53,"column":18},"end":{"line":53,"column":19}},"loc":{"start":{"line":53,"column":28},"end":{"line":56,"column":13}},"line":53},"9":{"name":"(anonymous_9)","decl":{"start":{"line":59,"column":49},"end":{"line":59,"column":50}},"loc":{"start":{"line":59,"column":57},"end":{"line":59,"column":66}},"line":59}},"branchMap":{"0":{"loc":{"start":{"line":11,"column":4},"end":{"line":11,"column":88}},"type":"if","locations":[{"start":{"line":11,"column":4},"end":{"line":11,"column":88}},{"start":{"line":11,"column":4},"end":{"line":11,"column":88}}],"line":11},"1":{"loc":{"start":{"line":13,"column":4},"end":{"line":15,"column":7}},"type":"if","locations":[{"start":{"line":13,"column":4},"end":{"line":15,"column":7}},{"start":{"line":13,"column":4},"end":{"line":15,"column":7}}],"line":13},"2":{"loc":{"start":{"line":31,"column":4},"end":{"line":63,"column":5}},"type":"if","locations":[{"start":{"line":31,"column":4},"end":{"line":63,"column":5}},{"start":{"line":31,"column":4},"end":{"line":63,"column":5}}],"line":31}},"s":{"0":18,"1":18,"2":18,"3":18,"4":18,"5":10,"6":18,"7":18,"8":18,"9":40,"10":1,"11":18,"12":18,"13":2,"14":18,"15":1,"16":1,"17":1,"18":1,"19":18,"20":11,"21":11,"22":6,"23":24,"24":24,"25":0,"26":0,"27":18,"28":6,"29":24,"30":6},"f":{"0":18,"1":40,"2":1,"3":2,"4":1,"5":11,"6":6,"7":24,"8":18,"9":24},"b":{"0":[10,8],"1":[18,0],"2":[11,0]},"_coverageSchema":"1a1c01bbd47fc00a2c39e90264f33305004495a9","hash":"8ff8de4726f76b1be0a22e0f25fdb07b643f75ca"}
,"C:\\Users\\GodFaz75\\Desktop\\OpenClassroom\\livrable\\Livrable_9\\Billed\\Billed-app-FR-Front\\src\\containers\\Dashboard.js": {"path":"C:\\Users\\GodFaz75\\Desktop\\OpenClassroom\\livrable\\Livrable_9\\Billed\\Billed-app-FR-Front\\src\\containers\\Dashboard.js","statementMap":{"0":{"start":{"line":8,"column":29},"end":{"line":28,"column":1}},"1":{"start":{"line":9,"column":2},"end":{"line":27,"column":11}},"2":{"start":{"line":14,"column":6},"end":{"line":24,"column":7}},"3":{"start":{"line":15,"column":8},"end":{"line":15,"column":50}},"4":{"start":{"line":26,"column":6},"end":{"line":26,"column":28}},"5":{"start":{"line":30,"column":20},"end":{"line":53,"column":1}},"6":{"start":{"line":31,"column":28},"end":{"line":31,"column":52}},"7":{"start":{"line":32,"column":20},"end":{"line":33,"column":40}},"8":{"start":{"line":34,"column":19},"end":{"line":35,"column":53}},"9":{"start":{"line":37,"column":2},"end":{"line":52,"column":4}},"10":{"start":{"line":55,"column":21},"end":{"line":57,"column":1}},"11":{"start":{"line":56,"column":2},"end":{"line":56,"column":76}},"12":{"start":{"line":56,"column":51},"end":{"line":56,"column":61}},"13":{"start":{"line":59,"column":25},"end":{"line":68,"column":1}},"14":{"start":{"line":60,"column":2},"end":{"line":67,"column":3}},"15":{"start":{"line":62,"column":6},"end":{"line":62,"column":22}},"16":{"start":{"line":64,"column":6},"end":{"line":64,"column":23}},"17":{"start":{"line":66,"column":6},"end":{"line":66,"column":22}},"18":{"start":{"line":72,"column":4},"end":{"line":72,"column":28}},"19":{"start":{"line":73,"column":4},"end":{"line":73,"column":32}},"20":{"start":{"line":74,"column":4},"end":{"line":74,"column":22}},"21":{"start":{"line":75,"column":4},"end":{"line":75,"column":71}},"22":{"start":{"line":75,"column":35},"end":{"line":75,"column":70}},"23":{"start":{"line":76,"column":4},"end":{"line":76,"column":71}},"24":{"start":{"line":76,"column":35},"end":{"line":76,"column":70}},"25":{"start":{"line":77,"column":4},"end":{"line":77,"column":71}},"26":{"start":{"line":77,"column":35},"end":{"line":77,"column":70}},"27":{"start":{"line":78,"column":4},"end":{"line":78,"column":44}},"28":{"start":{"line":81,"column":23},"end":{"line":86,"column":3}},"29":{"start":{"line":82,"column":20},"end":{"line":82,"column":58}},"30":{"start":{"line":83,"column":21},"end":{"line":83,"column":69}},"31":{"start":{"line":84,"column":4},"end":{"line":84,"column":144}},"32":{"start":{"line":85,"column":4},"end":{"line":85,"column":96}},"33":{"start":{"line":85,"column":60},"end":{"line":85,"column":96}},"34":{"start":{"line":89,"column":4},"end":{"line":92,"column":5}},"35":{"start":{"line":90,"column":6},"end":{"line":90,"column":23}},"36":{"start":{"line":91,"column":6},"end":{"line":91,"column":24}},"37":{"start":{"line":94,"column":4},"end":{"line":109,"column":5}},"38":{"start":{"line":95,"column":6},"end":{"line":97,"column":9}},"39":{"start":{"line":96,"column":8},"end":{"line":96,"column":62}},"40":{"start":{"line":98,"column":6},"end":{"line":98,"column":63}},"41":{"start":{"line":99,"column":6},"end":{"line":99,"column":70}},"42":{"start":{"line":100,"column":6},"end":{"line":100,"column":53}},"43":{"start":{"line":101,"column":6},"end":{"line":101,"column":21}},"44":{"start":{"line":103,"column":6},"end":{"line":103,"column":63}},"45":{"start":{"line":104,"column":6},"end":{"line":106,"column":9}},"46":{"start":{"line":107,"column":6},"end":{"line":107,"column":53}},"47":{"start":{"line":108,"column":6},"end":{"line":108,"column":21}},"48":{"start":{"line":111,"column":4},"end":{"line":111,"column":71}},"49":{"start":{"line":112,"column":0},"end":{"line":112,"column":88}},"50":{"start":{"line":112,"column":54},"end":{"line":112,"column":86}},"51":{"start":{"line":113,"column":0},"end":{"line":113,"column":88}},"52":{"start":{"line":113,"column":54},"end":{"line":113,"column":86}},"53":{"start":{"line":118,"column":23},"end":{"line":126,"column":3}},"54":{"start":{"line":119,"column":20},"end":{"line":123,"column":5}},"55":{"start":{"line":124,"column":4},"end":{"line":124,"column":28}},"56":{"start":{"line":125,"column":4},"end":{"line":125,"column":45}},"57":{"start":{"line":128,"column":23},"end":{"line":136,"column":3}},"58":{"start":{"line":129,"column":20},"end":{"line":133,"column":5}},"59":{"start":{"line":134,"column":4},"end":{"line":134,"column":28}},"60":{"start":{"line":135,"column":4},"end":{"line":135,"column":45}},"61":{"start":{"line":139,"column":4},"end":{"line":139,"column":77}},"62":{"start":{"line":139,"column":60},"end":{"line":139,"column":77}},"63":{"start":{"line":140,"column":4},"end":{"line":140,"column":77}},"64":{"start":{"line":140,"column":58},"end":{"line":140,"column":77}},"65":{"start":{"line":141,"column":4},"end":{"line":149,"column":5}},"66":{"start":{"line":142,"column":6},"end":{"line":142,"column":71}},"67":{"start":{"line":143,"column":6},"end":{"line":143,"column":105}},"68":{"start":{"line":144,"column":6},"end":{"line":144,"column":21}},"69":{"start":{"line":146,"column":6},"end":{"line":146,"column":72}},"70":{"start":{"line":147,"column":6},"end":{"line":147,"column":57}},"71":{"start":{"line":148,"column":6},"end":{"line":148,"column":21}},"72":{"start":{"line":151,"column":4},"end":{"line":153,"column":7}},"73":{"start":{"line":152,"column":6},"end":{"line":152,"column":84}},"74":{"start":{"line":152,"column":45},"end":{"line":152,"column":82}},"75":{"start":{"line":155,"column":4},"end":{"line":155,"column":17}},"76":{"start":{"line":158,"column":21},"end":{"line":177,"column":3}},"77":{"start":{"line":159,"column":4},"end":{"line":176,"column":5}},"78":{"start":{"line":160,"column":6},"end":{"line":175,"column":8}},"79":{"start":{"line":164,"column":22},"end":{"line":170,"column":11}},"80":{"start":{"line":165,"column":21},"end":{"line":170,"column":9}},"81":{"start":{"line":171,"column":8},"end":{"line":171,"column":20}},"82":{"start":{"line":174,"column":8},"end":{"line":174,"column":20}}},"fnMap":{"0":{"name":"(anonymous_0)","decl":{"start":{"line":8,"column":29},"end":{"line":8,"column":30}},"loc":{"start":{"line":8,"column":47},"end":{"line":28,"column":1}},"line":8},"1":{"name":"(anonymous_1)","decl":{"start":{"line":10,"column":16},"end":{"line":10,"column":17}},"loc":{"start":{"line":10,"column":24},"end":{"line":27,"column":5}},"line":10},"2":{"name":"(anonymous_2)","decl":{"start":{"line":30,"column":20},"end":{"line":30,"column":21}},"loc":{"start":{"line":30,"column":30},"end":{"line":53,"column":1}},"line":30},"3":{"name":"(anonymous_3)","decl":{"start":{"line":55,"column":21},"end":{"line":55,"column":22}},"loc":{"start":{"line":55,"column":32},"end":{"line":57,"column":1}},"line":55},"4":{"name":"(anonymous_4)","decl":{"start":{"line":56,"column":43},"end":{"line":56,"column":44}},"loc":{"start":{"line":56,"column":51},"end":{"line":56,"column":61}},"line":56},"5":{"name":"(anonymous_5)","decl":{"start":{"line":59,"column":25},"end":{"line":59,"column":26}},"loc":{"start":{"line":59,"column":36},"end":{"line":68,"column":1}},"line":59},"6":{"name":"(anonymous_6)","decl":{"start":{"line":71,"column":2},"end":{"line":71,"column":3}},"loc":{"start":{"line":71,"column":68},"end":{"line":79,"column":3}},"line":71},"7":{"name":"(anonymous_7)","decl":{"start":{"line":75,"column":28},"end":{"line":75,"column":29}},"loc":{"start":{"line":75,"column":35},"end":{"line":75,"column":70}},"line":75},"8":{"name":"(anonymous_8)","decl":{"start":{"line":76,"column":28},"end":{"line":76,"column":29}},"loc":{"start":{"line":76,"column":35},"end":{"line":76,"column":70}},"line":76},"9":{"name":"(anonymous_9)","decl":{"start":{"line":77,"column":28},"end":{"line":77,"column":29}},"loc":{"start":{"line":77,"column":35},"end":{"line":77,"column":70}},"line":77},"10":{"name":"(anonymous_10)","decl":{"start":{"line":81,"column":23},"end":{"line":81,"column":24}},"loc":{"start":{"line":81,"column":29},"end":{"line":86,"column":3}},"line":81},"11":{"name":"(anonymous_11)","decl":{"start":{"line":88,"column":2},"end":{"line":88,"column":3}},"loc":{"start":{"line":88,"column":35},"end":{"line":115,"column":3}},"line":88},"12":{"name":"(anonymous_12)","decl":{"start":{"line":95,"column":20},"end":{"line":95,"column":21}},"loc":{"start":{"line":95,"column":25},"end":{"line":97,"column":7}},"line":95},"13":{"name":"(anonymous_13)","decl":{"start":{"line":112,"column":47},"end":{"line":112,"column":48}},"loc":{"start":{"line":112,"column":54},"end":{"line":112,"column":86}},"line":112},"14":{"name":"(anonymous_14)","decl":{"start":{"line":113,"column":47},"end":{"line":113,"column":48}},"loc":{"start":{"line":113,"column":54},"end":{"line":113,"column":86}},"line":113},"15":{"name":"(anonymous_15)","decl":{"start":{"line":118,"column":23},"end":{"line":118,"column":24}},"loc":{"start":{"line":118,"column":36},"end":{"line":126,"column":3}},"line":118},"16":{"name":"(anonymous_16)","decl":{"start":{"line":128,"column":23},"end":{"line":128,"column":24}},"loc":{"start":{"line":128,"column":36},"end":{"line":136,"column":3}},"line":128},"17":{"name":"(anonymous_17)","decl":{"start":{"line":138,"column":2},"end":{"line":138,"column":3}},"loc":{"start":{"line":138,"column":37},"end":{"line":156,"column":3}},"line":138},"18":{"name":"(anonymous_18)","decl":{"start":{"line":151,"column":18},"end":{"line":151,"column":19}},"loc":{"start":{"line":151,"column":26},"end":{"line":153,"column":5}},"line":151},"19":{"name":"(anonymous_19)","decl":{"start":{"line":152,"column":38},"end":{"line":152,"column":39}},"loc":{"start":{"line":152,"column":45},"end":{"line":152,"column":82}},"line":152},"20":{"name":"(anonymous_20)","decl":{"start":{"line":158,"column":21},"end":{"line":158,"column":22}},"loc":{"start":{"line":158,"column":27},"end":{"line":177,"column":3}},"line":158},"21":{"name":"(anonymous_21)","decl":{"start":{"line":163,"column":12},"end":{"line":163,"column":13}},"loc":{"start":{"line":163,"column":24},"end":{"line":172,"column":7}},"line":163},"22":{"name":"(anonymous_22)","decl":{"start":{"line":165,"column":13},"end":{"line":165,"column":14}},"loc":{"start":{"line":165,"column":21},"end":{"line":170,"column":9}},"line":165},"23":{"name":"(anonymous_23)","decl":{"start":{"line":173,"column":13},"end":{"line":173,"column":14}},"loc":{"start":{"line":173,"column":22},"end":{"line":175,"column":7}},"line":173}},"branchMap":{"0":{"loc":{"start":{"line":9,"column":9},"end":{"line":27,"column":11}},"type":"cond-expr","locations":[{"start":{"line":10,"column":4},"end":{"line":27,"column":6}},{"start":{"line":27,"column":9},"end":{"line":27,"column":11}}],"line":9},"1":{"loc":{"start":{"line":9,"column":10},"end":{"line":9,"column":29}},"type":"binary-expr","locations":[{"start":{"line":9,"column":10},"end":{"line":9,"column":14}},{"start":{"line":9,"column":18},"end":{"line":9,"column":29}}],"line":9},"2":{"loc":{"start":{"line":14,"column":6},"end":{"line":24,"column":7}},"type":"if","locations":[{"start":{"line":14,"column":6},"end":{"line":24,"column":7}},{"start":{"line":14,"column":6},"end":{"line":24,"column":7}}],"line":14},"3":{"loc":{"start":{"line":32,"column":20},"end":{"line":33,"column":40}},"type":"cond-expr","locations":[{"start":{"line":33,"column":4},"end":{"line":33,"column":35}},{"start":{"line":33,"column":38},"end":{"line":33,"column":40}}],"line":32},"4":{"loc":{"start":{"line":34,"column":19},"end":{"line":35,"column":53}},"type":"cond-expr","locations":[{"start":{"line":35,"column":2},"end":{"line":35,"column":33}},{"start":{"line":35,"column":36},"end":{"line":35,"column":53}}],"line":34},"5":{"loc":{"start":{"line":56,"column":9},"end":{"line":56,"column":76}},"type":"cond-expr","locations":[{"start":{"line":56,"column":33},"end":{"line":56,"column":71}},{"start":{"line":56,"column":74},"end":{"line":56,"column":76}}],"line":56},"6":{"loc":{"start":{"line":56,"column":9},"end":{"line":56,"column":30}},"type":"binary-expr","locations":[{"start":{"line":56,"column":9},"end":{"line":56,"column":14}},{"start":{"line":56,"column":18},"end":{"line":56,"column":30}}],"line":56},"7":{"loc":{"start":{"line":60,"column":2},"end":{"line":67,"column":3}},"type":"switch","locations":[{"start":{"line":61,"column":4},"end":{"line":62,"column":22}},{"start":{"line":63,"column":4},"end":{"line":64,"column":23}},{"start":{"line":65,"column":4},"end":{"line":66,"column":22}}],"line":60},"8":{"loc":{"start":{"line":85,"column":4},"end":{"line":85,"column":96}},"type":"if","locations":[{"start":{"line":85,"column":4},"end":{"line":85,"column":96}},{"start":{"line":85,"column":4},"end":{"line":85,"column":96}}],"line":85},"9":{"loc":{"start":{"line":89,"column":4},"end":{"line":92,"column":5}},"type":"if","locations":[{"start":{"line":89,"column":4},"end":{"line":92,"column":5}},{"start":{"line":89,"column":4},"end":{"line":92,"column":5}}],"line":89},"10":{"loc":{"start":{"line":89,"column":8},"end":{"line":89,"column":57}},"type":"binary-expr","locations":[{"start":{"line":89,"column":8},"end":{"line":89,"column":34}},{"start":{"line":89,"column":38},"end":{"line":89,"column":57}}],"line":89},"11":{"loc":{"start":{"line":94,"column":4},"end":{"line":109,"column":5}},"type":"if","locations":[{"start":{"line":94,"column":4},"end":{"line":109,"column":5}},{"start":{"line":94,"column":4},"end":{"line":109,"column":5}}],"line":94},"12":{"loc":{"start":{"line":139,"column":4},"end":{"line":139,"column":77}},"type":"if","locations":[{"start":{"line":139,"column":4},"end":{"line":139,"column":77}},{"start":{"line":139,"column":4},"end":{"line":139,"column":77}}],"line":139},"13":{"loc":{"start":{"line":139,"column":8},"end":{"line":139,"column":58}},"type":"binary-expr","locations":[{"start":{"line":139,"column":8},"end":{"line":139,"column":34}},{"start":{"line":139,"column":38},"end":{"line":139,"column":58}}],"line":139},"14":{"loc":{"start":{"line":140,"column":4},"end":{"line":140,"column":77}},"type":"if","locations":[{"start":{"line":140,"column":4},"end":{"line":140,"column":77}},{"start":{"line":140,"column":4},"end":{"line":140,"column":77}}],"line":140},"15":{"loc":{"start":{"line":140,"column":8},"end":{"line":140,"column":56}},"type":"binary-expr","locations":[{"start":{"line":140,"column":8},"end":{"line":140,"column":32}},{"start":{"line":140,"column":36},"end":{"line":140,"column":56}}],"line":140},"16":{"loc":{"start":{"line":141,"column":4},"end":{"line":149,"column":5}},"type":"if","locations":[{"start":{"line":141,"column":4},"end":{"line":149,"column":5}},{"start":{"line":141,"column":4},"end":{"line":149,"column":5}}],"line":141},"17":{"loc":{"start":{"line":159,"column":4},"end":{"line":176,"column":5}},"type":"if","locations":[{"start":{"line":159,"column":4},"end":{"line":176,"column":5}},{"start":{"line":159,"column":4},"end":{"line":176,"column":5}}],"line":159}},"s":{"0":6,"1":44,"2":104,"3":104,"4":104,"5":6,"6":6,"7":6,"8":6,"9":6,"10":6,"11":6,"12":6,"13":6,"14":5,"15":3,"16":1,"17":1,"18":14,"19":14,"20":14,"21":14,"22":0,"23":14,"24":0,"25":14,"26":0,"27":14,"28":14,"29":1,"30":1,"31":1,"32":1,"33":0,"34":3,"35":2,"36":2,"37":3,"38":2,"39":8,"40":2,"41":2,"42":2,"43":2,"44":1,"45":1,"46":1,"47":1,"48":3,"49":3,"50":0,"51":3,"52":0,"53":14,"54":1,"55":1,"56":1,"57":14,"58":1,"59":1,"60":1,"61":5,"62":5,"63":5,"64":5,"65":5,"66":5,"67":5,"68":5,"69":0,"70":0,"71":0,"72":5,"73":20,"74":3,"75":5,"76":14,"77":5,"78":5,"79":3,"80":12,"81":3,"82":2},"f":{"0":44,"1":104,"2":6,"3":6,"4":6,"5":5,"6":14,"7":0,"8":0,"9":0,"10":1,"11":3,"12":8,"13":0,"14":0,"15":1,"16":1,"17":5,"18":20,"19":3,"20":5,"21":3,"22":12,"23":2},"b":{"0":[26,18],"1":[44,26],"2":[104,0],"3":[0,6],"4":[0,6],"5":[5,1],"6":[6,6],"7":[3,1,1],"8":[0,1],"9":[2,1],"10":[3,3],"11":[2,1],"12":[5,0],"13":[5,2],"14":[5,0],"15":[5,2],"16":[5,0],"17":[5,0]},"_coverageSchema":"1a1c01bbd47fc00a2c39e90264f33305004495a9","hash":"1076bebc70c6fba1139d5857cbdc5ebaaa7f9fbd"}
,"C:\\Users\\GodFaz75\\Desktop\\OpenClassroom\\livrable\\Livrable_9\\Billed\\Billed-app-FR-Front\\src\\containers\\Login.js": {"path":"C:\\Users\\GodFaz75\\Desktop\\OpenClassroom\\livrable\\Livrable_9\\Billed\\Billed-app-FR-Front\\src\\containers\\Login.js","statementMap":{"0":{"start":{"line":3,"column":31},"end":{"line":3,"column":33}},"1":{"start":{"line":8,"column":4},"end":{"line":8,"column":28}},"2":{"start":{"line":9,"column":4},"end":{"line":9,"column":36}},"3":{"start":{"line":10,"column":4},"end":{"line":10,"column":32}},"4":{"start":{"line":11,"column":4},"end":{"line":11,"column":46}},"5":{"start":{"line":12,"column":4},"end":{"line":12,"column":22}},"6":{"start":{"line":13,"column":25},"end":{"line":13,"column":89}},"7":{"start":{"line":14,"column":4},"end":{"line":14,"column":70}},"8":{"start":{"line":15,"column":22},"end":{"line":15,"column":83}},"9":{"start":{"line":16,"column":4},"end":{"line":16,"column":64}},"10":{"start":{"line":18,"column":25},"end":{"line":38,"column":3}},"11":{"start":{"line":19,"column":4},"end":{"line":19,"column":22}},"12":{"start":{"line":20,"column":17},"end":{"line":25,"column":5}},"13":{"start":{"line":26,"column":4},"end":{"line":26,"column":59}},"14":{"start":{"line":27,"column":4},"end":{"line":36,"column":8}},"15":{"start":{"line":29,"column":17},"end":{"line":29,"column":38}},"16":{"start":{"line":32,"column":8},"end":{"line":32,"column":45}},"17":{"start":{"line":33,"column":8},"end":{"line":33,"column":53}},"18":{"start":{"line":34,"column":8},"end":{"line":34,"column":50}},"19":{"start":{"line":35,"column":8},"end":{"line":35,"column":55}},"20":{"start":{"line":40,"column":22},"end":{"line":59,"column":3}},"21":{"start":{"line":41,"column":4},"end":{"line":41,"column":23}},"22":{"start":{"line":42,"column":17},"end":{"line":47,"column":5}},"23":{"start":{"line":48,"column":4},"end":{"line":48,"column":59}},"24":{"start":{"line":49,"column":4},"end":{"line":58,"column":8}},"25":{"start":{"line":51,"column":17},"end":{"line":51,"column":38}},"26":{"start":{"line":54,"column":8},"end":{"line":54,"column":49}},"27":{"start":{"line":55,"column":8},"end":{"line":55,"column":57}},"28":{"start":{"line":56,"column":8},"end":{"line":56,"column":50}},"29":{"start":{"line":57,"column":8},"end":{"line":57,"column":50}},"30":{"start":{"line":62,"column":10},"end":{"line":74,"column":3}},"31":{"start":{"line":63,"column":4},"end":{"line":73,"column":5}},"32":{"start":{"line":64,"column":6},"end":{"line":70,"column":8}},"33":{"start":{"line":69,"column":8},"end":{"line":69,"column":40}},"34":{"start":{"line":72,"column":6},"end":{"line":72,"column":17}},"35":{"start":{"line":77,"column":15},"end":{"line":94,"column":3}},"36":{"start":{"line":78,"column":4},"end":{"line":93,"column":5}},"37":{"start":{"line":79,"column":6},"end":{"line":90,"column":8}},"38":{"start":{"line":88,"column":8},"end":{"line":88,"column":57}},"39":{"start":{"line":89,"column":8},"end":{"line":89,"column":31}},"40":{"start":{"line":92,"column":6},"end":{"line":92,"column":17}}},"fnMap":{"0":{"name":"(anonymous_0)","decl":{"start":{"line":7,"column":2},"end":{"line":7,"column":3}},"loc":{"start":{"line":7,"column":80},"end":{"line":17,"column":3}},"line":7},"1":{"name":"(anonymous_1)","decl":{"start":{"line":18,"column":25},"end":{"line":18,"column":26}},"loc":{"start":{"line":18,"column":30},"end":{"line":38,"column":3}},"line":18},"2":{"name":"(anonymous_2)","decl":{"start":{"line":29,"column":8},"end":{"line":29,"column":9}},"loc":{"start":{"line":29,"column":17},"end":{"line":29,"column":38}},"line":29},"3":{"name":"(anonymous_3)","decl":{"start":{"line":31,"column":12},"end":{"line":31,"column":13}},"loc":{"start":{"line":31,"column":18},"end":{"line":36,"column":7}},"line":31},"4":{"name":"(anonymous_4)","decl":{"start":{"line":40,"column":22},"end":{"line":40,"column":23}},"loc":{"start":{"line":40,"column":27},"end":{"line":59,"column":3}},"line":40},"5":{"name":"(anonymous_5)","decl":{"start":{"line":51,"column":8},"end":{"line":51,"column":9}},"loc":{"start":{"line":51,"column":17},"end":{"line":51,"column":38}},"line":51},"6":{"name":"(anonymous_6)","decl":{"start":{"line":53,"column":12},"end":{"line":53,"column":13}},"loc":{"start":{"line":53,"column":18},"end":{"line":58,"column":7}},"line":53},"7":{"name":"(anonymous_7)","decl":{"start":{"line":62,"column":10},"end":{"line":62,"column":11}},"loc":{"start":{"line":62,"column":20},"end":{"line":74,"column":3}},"line":62},"8":{"name":"(anonymous_8)","decl":{"start":{"line":68,"column":15},"end":{"line":68,"column":16}},"loc":{"start":{"line":68,"column":26},"end":{"line":70,"column":7}},"line":68},"9":{"name":"(anonymous_9)","decl":{"start":{"line":77,"column":15},"end":{"line":77,"column":16}},"loc":{"start":{"line":77,"column":25},"end":{"line":94,"column":3}},"line":77},"10":{"name":"(anonymous_10)","decl":{"start":{"line":87,"column":12},"end":{"line":87,"column":13}},"loc":{"start":{"line":87,"column":18},"end":{"line":90,"column":7}},"line":87}},"branchMap":{"0":{"loc":{"start":{"line":63,"column":4},"end":{"line":73,"column":5}},"type":"if","locations":[{"start":{"line":63,"column":4},"end":{"line":73,"column":5}},{"start":{"line":63,"column":4},"end":{"line":73,"column":5}}],"line":63},"1":{"loc":{"start":{"line":78,"column":4},"end":{"line":93,"column":5}},"type":"if","locations":[{"start":{"line":78,"column":4},"end":{"line":93,"column":5}},{"start":{"line":78,"column":4},"end":{"line":93,"column":5}}],"line":78}},"s":{"0":4,"1":5,"2":5,"3":5,"4":5,"5":5,"6":5,"7":5,"8":5,"9":5,"10":5,"11":2,"12":2,"13":2,"14":2,"15":0,"16":2,"17":2,"18":2,"19":2,"20":5,"21":2,"22":2,"23":2,"24":2,"25":0,"26":2,"27":2,"28":2,"29":2,"30":5,"31":0,"32":0,"33":0,"34":0,"35":5,"36":0,"37":0,"38":0,"39":0,"40":0},"f":{"0":5,"1":2,"2":0,"3":2,"4":2,"5":0,"6":2,"7":0,"8":0,"9":0,"10":0},"b":{"0":[0,0],"1":[0,0]},"_coverageSchema":"1a1c01bbd47fc00a2c39e90264f33305004495a9","hash":"9df635981fb1acc2be20cfaf3f4edc778dea071b"}
,"C:\\Users\\GodFaz75\\Desktop\\OpenClassroom\\livrable\\Livrable_9\\Billed\\Billed-app-FR-Front\\src\\containers\\Logout.js": {"path":"C:\\Users\\GodFaz75\\Desktop\\OpenClassroom\\livrable\\Livrable_9\\Billed\\Billed-app-FR-Front\\src\\containers\\Logout.js","statementMap":{"0":{"start":{"line":5,"column":4},"end":{"line":5,"column":28}},"1":{"start":{"line":6,"column":4},"end":{"line":6,"column":32}},"2":{"start":{"line":7,"column":4},"end":{"line":7,"column":36}},"3":{"start":{"line":8,"column":4},"end":{"line":8,"column":51}},"4":{"start":{"line":11,"column":16},"end":{"line":14,"column":3}},"5":{"start":{"line":12,"column":4},"end":{"line":12,"column":29}},"6":{"start":{"line":13,"column":4},"end":{"line":13,"column":41}}},"fnMap":{"0":{"name":"(anonymous_0)","decl":{"start":{"line":4,"column":2},"end":{"line":4,"column":3}},"loc":{"start":{"line":4,"column":54},"end":{"line":9,"column":3}},"line":4},"1":{"name":"(anonymous_1)","decl":{"start":{"line":11,"column":16},"end":{"line":11,"column":17}},"loc":{"start":{"line":11,"column":23},"end":{"line":14,"column":3}},"line":11}},"branchMap":{},"s":{"0":43,"1":43,"2":43,"3":43,"4":43,"5":2,"6":2},"f":{"0":43,"1":2},"b":{},"_coverageSchema":"1a1c01bbd47fc00a2c39e90264f33305004495a9","hash":"f4ffb95ab08619fc580392cebe8ea498a7cfc07c"}
,"C:\\Users\\GodFaz75\\Desktop\\OpenClassroom\\livrable\\Livrable_9\\Billed\\Billed-app-FR-Front\\src\\containers\\NewBill.js": {"path":"C:\\Users\\GodFaz75\\Desktop\\OpenClassroom\\livrable\\Livrable_9\\Billed\\Billed-app-FR-Front\\src\\containers\\NewBill.js","statementMap":{"0":{"start":{"line":6,"column":4},"end":{"line":6,"column":28}},"1":{"start":{"line":7,"column":4},"end":{"line":7,"column":32}},"2":{"start":{"line":8,"column":4},"end":{"line":8,"column":22}},"3":{"start":{"line":9,"column":24},"end":{"line":9,"column":88}},"4":{"start":{"line":10,"column":4},"end":{"line":10,"column":62}},"5":{"start":{"line":12,"column":17},"end":{"line":12,"column":73}},"6":{"start":{"line":13,"column":4},"end":{"line":13,"column":59}},"7":{"start":{"line":15,"column":4},"end":{"line":15,"column":23}},"8":{"start":{"line":16,"column":4},"end":{"line":16,"column":24}},"9":{"start":{"line":17,"column":4},"end":{"line":17,"column":22}},"10":{"start":{"line":18,"column":4},"end":{"line":18,"column":54}},"11":{"start":{"line":20,"column":21},"end":{"line":55,"column":3}},"12":{"start":{"line":21,"column":4},"end":{"line":21,"column":23}},"13":{"start":{"line":22,"column":22},"end":{"line":22,"column":78}},"14":{"start":{"line":23,"column":17},"end":{"line":23,"column":35}},"15":{"start":{"line":26,"column":4},"end":{"line":31,"column":5}},"16":{"start":{"line":27,"column":6},"end":{"line":27,"column":64}},"17":{"start":{"line":29,"column":6},"end":{"line":29,"column":27}},"18":{"start":{"line":30,"column":6},"end":{"line":30,"column":13}},"19":{"start":{"line":33,"column":21},"end":{"line":33,"column":49}},"20":{"start":{"line":34,"column":21},"end":{"line":34,"column":50}},"21":{"start":{"line":35,"column":21},"end":{"line":35,"column":35}},"22":{"start":{"line":36,"column":18},"end":{"line":36,"column":64}},"23":{"start":{"line":37,"column":4},"end":{"line":37,"column":34}},"24":{"start":{"line":38,"column":4},"end":{"line":38,"column":36}},"25":{"start":{"line":40,"column":4},"end":{"line":54,"column":44}},"26":{"start":{"line":49,"column":8},"end":{"line":49,"column":29}},"27":{"start":{"line":50,"column":8},"end":{"line":50,"column":26}},"28":{"start":{"line":51,"column":8},"end":{"line":51,"column":31}},"29":{"start":{"line":52,"column":8},"end":{"line":52,"column":33}},"30":{"start":{"line":54,"column":22},"end":{"line":54,"column":42}},"31":{"start":{"line":56,"column":17},"end":{"line":75,"column":3}},"32":{"start":{"line":57,"column":4},"end":{"line":57,"column":22}},"33":{"start":{"line":58,"column":4},"end":{"line":58,"column":147}},"34":{"start":{"line":59,"column":18},"end":{"line":59,"column":64}},"35":{"start":{"line":60,"column":17},"end":{"line":72,"column":5}},"36":{"start":{"line":73,"column":4},"end":{"line":73,"column":25}},"37":{"start":{"line":74,"column":4},"end":{"line":74,"column":41}},"38":{"start":{"line":78,"column":15},"end":{"line":88,"column":3}},"39":{"start":{"line":79,"column":4},"end":{"line":87,"column":5}},"40":{"start":{"line":80,"column":6},"end":{"line":86,"column":43}},"41":{"start":{"line":84,"column":8},"end":{"line":84,"column":45}},"42":{"start":{"line":86,"column":22},"end":{"line":86,"column":42}}},"fnMap":{"0":{"name":"(anonymous_0)","decl":{"start":{"line":5,"column":2},"end":{"line":5,"column":3}},"loc":{"start":{"line":5,"column":61},"end":{"line":19,"column":3}},"line":5},"1":{"name":"(anonymous_1)","decl":{"start":{"line":20,"column":21},"end":{"line":20,"column":22}},"loc":{"start":{"line":20,"column":26},"end":{"line":55,"column":3}},"line":20},"2":{"name":"(anonymous_2)","decl":{"start":{"line":48,"column":12},"end":{"line":48,"column":13}},"loc":{"start":{"line":48,"column":34},"end":{"line":53,"column":7}},"line":48},"3":{"name":"(anonymous_3)","decl":{"start":{"line":54,"column":13},"end":{"line":54,"column":14}},"loc":{"start":{"line":54,"column":22},"end":{"line":54,"column":42}},"line":54},"4":{"name":"(anonymous_4)","decl":{"start":{"line":56,"column":17},"end":{"line":56,"column":18}},"loc":{"start":{"line":56,"column":22},"end":{"line":75,"column":3}},"line":56},"5":{"name":"(anonymous_5)","decl":{"start":{"line":78,"column":15},"end":{"line":78,"column":16}},"loc":{"start":{"line":78,"column":25},"end":{"line":88,"column":3}},"line":78},"6":{"name":"(anonymous_6)","decl":{"start":{"line":83,"column":12},"end":{"line":83,"column":13}},"loc":{"start":{"line":83,"column":18},"end":{"line":85,"column":7}},"line":83},"7":{"name":"(anonymous_7)","decl":{"start":{"line":86,"column":13},"end":{"line":86,"column":14}},"loc":{"start":{"line":86,"column":22},"end":{"line":86,"column":42}},"line":86}},"branchMap":{"0":{"loc":{"start":{"line":26,"column":4},"end":{"line":31,"column":5}},"type":"if","locations":[{"start":{"line":26,"column":4},"end":{"line":31,"column":5}},{"start":{"line":26,"column":4},"end":{"line":31,"column":5}}],"line":26},"1":{"loc":{"start":{"line":67,"column":11},"end":{"line":67,"column":83}},"type":"binary-expr","locations":[{"start":{"line":67,"column":11},"end":{"line":67,"column":77}},{"start":{"line":67,"column":81},"end":{"line":67,"column":83}}],"line":67},"2":{"loc":{"start":{"line":79,"column":4},"end":{"line":87,"column":5}},"type":"if","locations":[{"start":{"line":79,"column":4},"end":{"line":87,"column":5}},{"start":{"line":79,"column":4},"end":{"line":87,"column":5}}],"line":79}},"s":{"0":10,"1":10,"2":10,"3":10,"4":10,"5":10,"6":10,"7":10,"8":10,"9":10,"10":10,"11":10,"12":2,"13":2,"14":2,"15":2,"16":1,"17":1,"18":1,"19":1,"20":1,"21":1,"22":1,"23":1,"24":1,"25":1,"26":1,"27":1,"28":1,"29":1,"30":0,"31":10,"32":2,"33":2,"34":2,"35":2,"36":2,"37":2,"38":10,"39":2,"40":2,"41":2,"42":0},"f":{"0":10,"1":2,"2":1,"3":0,"4":2,"5":2,"6":2,"7":0},"b":{"0":[1,1],"1":[2,2],"2":[2,0]},"_coverageSchema":"1a1c01bbd47fc00a2c39e90264f33305004495a9","hash":"14ae89e1440f68e236466016d8f0be419841f737"}
,"C:\\Users\\GodFaz75\\Desktop\\OpenClassroom\\livrable\\Livrable_9\\Billed\\Billed-app-FR-Front\\src\\views\\Actions.js": {"path":"C:\\Users\\GodFaz75\\Desktop\\OpenClassroom\\livrable\\Livrable_9\\Billed\\Billed-app-FR-Front\\src\\views\\Actions.js","statementMap":{"0":{"start":{"line":5,"column":2},"end":{"line":11,"column":3}}},"fnMap":{"0":{"name":"(anonymous_0)","decl":{"start":{"line":4,"column":15},"end":{"line":4,"column":16}},"loc":{"start":{"line":4,"column":28},"end":{"line":12,"column":1}},"line":4}},"branchMap":{},"s":{"0":38},"f":{"0":38},"b":{},"_coverageSchema":"1a1c01bbd47fc00a2c39e90264f33305004495a9","hash":"1d7e5231680a3126c0d6da3b4fba83422f697d62"}
,"C:\\Users\\GodFaz75\\Desktop\\OpenClassroom\\livrable\\Livrable_9\\Billed\\Billed-app-FR-Front\\src\\views\\BillsUI.js": {"path":"C:\\Users\\GodFaz75\\Desktop\\OpenClassroom\\livrable\\Livrable_9\\Billed\\Billed-app-FR-Front\\src\\views\\BillsUI.js","statementMap":{"0":{"start":{"line":6,"column":12},"end":{"line":19,"column":1}},"1":{"start":{"line":7,"column":2},"end":{"line":18,"column":5}},"2":{"start":{"line":21,"column":13},"end":{"line":34,"column":1}},"3":{"start":{"line":23,"column":2},"end":{"line":31,"column":3}},"4":{"start":{"line":24,"column":20},"end":{"line":24,"column":87}},"5":{"start":{"line":27,"column":4},"end":{"line":27,"column":61}},"6":{"start":{"line":27,"column":24},"end":{"line":27,"column":59}},"7":{"start":{"line":30,"column":4},"end":{"line":30,"column":48}},"8":{"start":{"line":30,"column":28},"end":{"line":30,"column":37}},"9":{"start":{"line":33,"column":2},"end":{"line":33,"column":12}},"10":{"start":{"line":39,"column":16},"end":{"line":54,"column":4}},"11":{"start":{"line":39,"column":23},"end":{"line":54,"column":3}},"12":{"start":{"line":56,"column":2},"end":{"line":60,"column":3}},"13":{"start":{"line":57,"column":4},"end":{"line":57,"column":25}},"14":{"start":{"line":58,"column":9},"end":{"line":60,"column":3}},"15":{"start":{"line":59,"column":4},"end":{"line":59,"column":28}},"16":{"start":{"line":64,"column":2},"end":{"line":92,"column":5}}},"fnMap":{"0":{"name":"(anonymous_0)","decl":{"start":{"line":6,"column":12},"end":{"line":6,"column":13}},"loc":{"start":{"line":6,"column":22},"end":{"line":19,"column":1}},"line":6},"1":{"name":"(anonymous_1)","decl":{"start":{"line":21,"column":13},"end":{"line":21,"column":14}},"loc":{"start":{"line":21,"column":23},"end":{"line":34,"column":1}},"line":21},"2":{"name":"(anonymous_2)","decl":{"start":{"line":27,"column":14},"end":{"line":27,"column":15}},"loc":{"start":{"line":27,"column":24},"end":{"line":27,"column":59}},"line":27},"3":{"name":"(anonymous_3)","decl":{"start":{"line":30,"column":20},"end":{"line":30,"column":21}},"loc":{"start":{"line":30,"column":28},"end":{"line":30,"column":37}},"line":30},"4":{"name":"(anonymous_4)","decl":{"start":{"line":37,"column":15},"end":{"line":37,"column":16}},"loc":{"start":{"line":37,"column":52},"end":{"line":93,"column":1}},"line":37},"5":{"name":"(anonymous_5)","decl":{"start":{"line":39,"column":16},"end":{"line":39,"column":17}},"loc":{"start":{"line":39,"column":23},"end":{"line":54,"column":3}},"line":39}},"branchMap":{"0":{"loc":{"start":{"line":23,"column":2},"end":{"line":31,"column":3}},"type":"if","locations":[{"start":{"line":23,"column":2},"end":{"line":31,"column":3}},{"start":{"line":23,"column":2},"end":{"line":31,"column":3}}],"line":23},"1":{"loc":{"start":{"line":56,"column":2},"end":{"line":60,"column":3}},"type":"if","locations":[{"start":{"line":56,"column":2},"end":{"line":60,"column":3}},{"start":{"line":56,"column":2},"end":{"line":60,"column":3}}],"line":56},"2":{"loc":{"start":{"line":58,"column":9},"end":{"line":60,"column":3}},"type":"if","locations":[{"start":{"line":58,"column":9},"end":{"line":60,"column":3}},{"start":{"line":58,"column":9},"end":{"line":60,"column":3}}],"line":58}},"s":{"0":6,"1":36,"2":6,"3":12,"4":10,"5":10,"6":30,"7":10,"8":36,"9":2,"10":26,"11":12,"12":26,"13":10,"14":16,"15":4,"16":12},"f":{"0":36,"1":12,"2":30,"3":36,"4":26,"5":12},"b":{"0":[10,2],"1":[10,16],"2":[4,12]},"_coverageSchema":"1a1c01bbd47fc00a2c39e90264f33305004495a9","hash":"0881db681a0fe1678e6488e968b1c19ede540c98"}
,"C:\\Users\\GodFaz75\\Desktop\\OpenClassroom\\livrable\\Livrable_9\\Billed\\Billed-app-FR-Front\\src\\views\\DashboardFormUI.js": {"path":"C:\\Users\\GodFaz75\\Desktop\\OpenClassroom\\livrable\\Livrable_9\\Billed\\Billed-app-FR-Front\\src\\views\\DashboardFormUI.js","statementMap":{"0":{"start":{"line":7,"column":21},"end":{"line":22,"column":4}},"1":{"start":{"line":7,"column":28},"end":{"line":22,"column":3}},"2":{"start":{"line":26,"column":2},"end":{"line":101,"column":4}}},"fnMap":{"0":{"name":"(anonymous_0)","decl":{"start":{"line":7,"column":21},"end":{"line":7,"column":22}},"loc":{"start":{"line":7,"column":28},"end":{"line":22,"column":3}},"line":7},"1":{"name":"(anonymous_1)","decl":{"start":{"line":24,"column":15},"end":{"line":24,"column":16}},"loc":{"start":{"line":24,"column":25},"end":{"line":102,"column":1}},"line":24}},"branchMap":{"0":{"loc":{"start":{"line":79,"column":9},"end":{"line":89,"column":9}},"type":"cond-expr","locations":[{"start":{"line":79,"column":38},"end":{"line":84,"column":8}},{"start":{"line":84,"column":13},"end":{"line":89,"column":8}}],"line":79},"1":{"loc":{"start":{"line":92,"column":8},"end":{"line":97,"column":13}},"type":"cond-expr","locations":[{"start":{"line":92,"column":37},"end":{"line":97,"column":7}},{"start":{"line":97,"column":11},"end":{"line":97,"column":13}}],"line":92}},"s":{"0":7,"1":9,"2":9},"f":{"0":9,"1":9},"b":{"0":[6,3],"1":[6,3]},"_coverageSchema":"1a1c01bbd47fc00a2c39e90264f33305004495a9","hash":"e8bfdf2c4a247d942812bb8777ea86e2ad348401"}
,"C:\\Users\\GodFaz75\\Desktop\\OpenClassroom\\livrable\\Livrable_9\\Billed\\Billed-app-FR-Front\\src\\views\\DashboardUI.js": {"path":"C:\\Users\\GodFaz75\\Desktop\\OpenClassroom\\livrable\\Livrable_9\\Billed\\Billed-app-FR-Front\\src\\views\\DashboardUI.js","statementMap":{"0":{"start":{"line":10,"column":2},"end":{"line":14,"column":3}},"1":{"start":{"line":11,"column":4},"end":{"line":11,"column":24}},"2":{"start":{"line":12,"column":9},"end":{"line":14,"column":3}},"3":{"start":{"line":13,"column":4},"end":{"line":13,"column":27}},"4":{"start":{"line":16,"column":2},"end":{"line":48,"column":3}}},"fnMap":{"0":{"name":"(anonymous_0)","decl":{"start":{"line":8,"column":15},"end":{"line":8,"column":16}},"loc":{"start":{"line":8,"column":45},"end":{"line":49,"column":1}},"line":8}},"branchMap":{"0":{"loc":{"start":{"line":10,"column":2},"end":{"line":14,"column":3}},"type":"if","locations":[{"start":{"line":10,"column":2},"end":{"line":14,"column":3}},{"start":{"line":10,"column":2},"end":{"line":14,"column":3}}],"line":10},"1":{"loc":{"start":{"line":12,"column":9},"end":{"line":14,"column":3}},"type":"if","locations":[{"start":{"line":12,"column":9},"end":{"line":14,"column":3}},{"start":{"line":12,"column":9},"end":{"line":14,"column":3}}],"line":12},"2":{"loc":{"start":{"line":22,"column":45},"end":{"line":22,"column":63}},"type":"binary-expr","locations":[{"start":{"line":22,"column":45},"end":{"line":22,"column":49}},{"start":{"line":22,"column":53},"end":{"line":22,"column":63}}],"line":22},"3":{"loc":{"start":{"line":29,"column":43},"end":{"line":29,"column":61}},"type":"binary-expr","locations":[{"start":{"line":29,"column":43},"end":{"line":29,"column":47}},{"start":{"line":29,"column":51},"end":{"line":29,"column":61}}],"line":29},"4":{"loc":{"start":{"line":36,"column":43},"end":{"line":36,"column":61}},"type":"binary-expr","locations":[{"start":{"line":36,"column":43},"end":{"line":36,"column":47}},{"start":{"line":36,"column":51},"end":{"line":36,"column":61}}],"line":36}},"s":{"0":21,"1":6,"2":15,"3":3,"4":12},"f":{"0":21},"b":{"0":[6,15],"1":[3,12],"2":[12,7],"3":[12,7],"4":[12,7]},"_coverageSchema":"1a1c01bbd47fc00a2c39e90264f33305004495a9","hash":"3f1d942157816f69411289882ff5599d37b0911f"}
,"C:\\Users\\GodFaz75\\Desktop\\OpenClassroom\\livrable\\Livrable_9\\Billed\\Billed-app-FR-Front\\src\\views\\ErrorPage.js": {"path":"C:\\Users\\GodFaz75\\Desktop\\OpenClassroom\\livrable\\Livrable_9\\Billed\\Billed-app-FR-Front\\src\\views\\ErrorPage.js","statementMap":{"0":{"start":{"line":4,"column":2},"end":{"line":15,"column":3}}},"fnMap":{"0":{"name":"(anonymous_0)","decl":{"start":{"line":3,"column":15},"end":{"line":3,"column":16}},"loc":{"start":{"line":3,"column":26},"end":{"line":16,"column":1}},"line":3}},"branchMap":{"0":{"loc":{"start":{"line":12,"column":12},"end":{"line":12,"column":30}},"type":"cond-expr","locations":[{"start":{"line":12,"column":20},"end":{"line":12,"column":25}},{"start":{"line":12,"column":28},"end":{"line":12,"column":30}}],"line":12}},"s":{"0":13},"f":{"0":13},"b":{"0":[12,1]},"_coverageSchema":"1a1c01bbd47fc00a2c39e90264f33305004495a9","hash":"40cc61043735e4353a474782d2bc99d5aad33640"}
,"C:\\Users\\GodFaz75\\Desktop\\OpenClassroom\\livrable\\Livrable_9\\Billed\\Billed-app-FR-Front\\src\\views\\LoadingPage.js": {"path":"C:\\Users\\GodFaz75\\Desktop\\OpenClassroom\\livrable\\Livrable_9\\Billed\\Billed-app-FR-Front\\src\\views\\LoadingPage.js","statementMap":{"0":{"start":{"line":5,"column":2},"end":{"line":12,"column":3}}},"fnMap":{"0":{"name":"(anonymous_0)","decl":{"start":{"line":3,"column":15},"end":{"line":3,"column":16}},"loc":{"start":{"line":3,"column":21},"end":{"line":13,"column":1}},"line":3}},"branchMap":{},"s":{"0":17},"f":{"0":17},"b":{},"_coverageSchema":"1a1c01bbd47fc00a2c39e90264f33305004495a9","hash":"86ee10979ea6a8b28010dc99cd3eb7897d2252da"}
,"C:\\Users\\GodFaz75\\Desktop\\OpenClassroom\\livrable\\Livrable_9\\Billed\\Billed-app-FR-Front\\src\\views\\LoginUI.js": {"path":"C:\\Users\\GodFaz75\\Desktop\\OpenClassroom\\livrable\\Livrable_9\\Billed\\Billed-app-FR-Front\\src\\views\\LoginUI.js","statementMap":{"0":{"start":{"line":4,"column":2},"end":{"line":46,"column":4}}},"fnMap":{"0":{"name":"(anonymous_0)","decl":{"start":{"line":2,"column":15},"end":{"line":2,"column":16}},"loc":{"start":{"line":2,"column":21},"end":{"line":47,"column":1}},"line":2}},"branchMap":{},"s":{"0":20},"f":{"0":20},"b":{},"_coverageSchema":"1a1c01bbd47fc00a2c39e90264f33305004495a9","hash":"ce9caca4820ecac32ad65652cd800f9699049fe9"}
,"C:\\Users\\GodFaz75\\Desktop\\OpenClassroom\\livrable\\Livrable_9\\Billed\\Billed-app-FR-Front\\src\\views\\NewBillUI.js": {"path":"C:\\Users\\GodFaz75\\Desktop\\OpenClassroom\\livrable\\Livrable_9\\Billed\\Billed-app-FR-Front\\src\\views\\NewBillUI.js","statementMap":{"0":{"start":{"line":5,"column":2},"end":{"line":73,"column":4}}},"fnMap":{"0":{"name":"(anonymous_0)","decl":{"start":{"line":3,"column":15},"end":{"line":3,"column":16}},"loc":{"start":{"line":3,"column":21},"end":{"line":74,"column":1}},"line":3}},"branchMap":{},"s":{"0":12},"f":{"0":12},"b":{},"_coverageSchema":"1a1c01bbd47fc00a2c39e90264f33305004495a9","hash":"f03153285b38e76206eb22843a15e2ed39103ff2"}
,"C:\\Users\\GodFaz75\\Desktop\\OpenClassroom\\livrable\\Livrable_9\\Billed\\Billed-app-FR-Front\\src\\views\\VerticalLayout.js": {"path":"C:\\Users\\GodFaz75\\Desktop\\OpenClassroom\\livrable\\Livrable_9\\Billed\\Billed-app-FR-Front\\src\\views\\VerticalLayout.js","statementMap":{"0":{"start":{"line":7,"column":4},"end":{"line":7,"column":51}},"1":{"start":{"line":8,"column":4},"end":{"line":10,"column":5}},"2":{"start":{"line":9,"column":6},"end":{"line":9,"column":29}},"3":{"start":{"line":11,"column":4},"end":{"line":39,"column":5}},"4":{"start":{"line":12,"column":6},"end":{"line":27,"column":7}},"5":{"start":{"line":29,"column":6},"end":{"line":38,"column":7}}},"fnMap":{"0":{"name":"(anonymous_0)","decl":{"start":{"line":5,"column":15},"end":{"line":5,"column":16}},"loc":{"start":{"line":5,"column":27},"end":{"line":40,"column":1}},"line":5}},"branchMap":{"0":{"loc":{"start":{"line":8,"column":4},"end":{"line":10,"column":5}},"type":"if","locations":[{"start":{"line":8,"column":4},"end":{"line":10,"column":5}},{"start":{"line":8,"column":4},"end":{"line":10,"column":5}}],"line":8},"1":{"loc":{"start":{"line":11,"column":4},"end":{"line":39,"column":5}},"type":"if","locations":[{"start":{"line":11,"column":4},"end":{"line":39,"column":5}},{"start":{"line":11,"column":4},"end":{"line":39,"column":5}}],"line":11},"2":{"loc":{"start":{"line":11,"column":8},"end":{"line":11,"column":40}},"type":"binary-expr","locations":[{"start":{"line":11,"column":8},"end":{"line":11,"column":12}},{"start":{"line":11,"column":16},"end":{"line":11,"column":40}}],"line":11}},"s":{"0":67,"1":67,"2":53,"3":67,"4":37,"5":30},"f":{"0":67},"b":{"0":[53,14],"1":[37,30],"2":[67,53]},"_coverageSchema":"1a1c01bbd47fc00a2c39e90264f33305004495a9","hash":"0d71015a2a29f624f748dd592bfc8bb6c627ede5"}
}
