TN:
SF:src\constants\routes.js
FN:13,(anonymous_0)
FNF:1
FNH:1
FNDA:52,(anonymous_0)
DA:6,6
DA:13,6
DA:14,52
DA:16,13
DA:18,17
DA:20,9
DA:22,12
DA:24,1
LF:8
LH:8
BRDA:14,0,0,13
BRDA:14,0,1,17
BRDA:14,0,2,9
BRDA:14,0,3,12
BRDA:14,0,4,1
BRF:5
BRH:5
end_of_record
TN:
SF:src\constants\usersTest.js
FNF:0
FNH:0
LF:0
LH:0
BRF:0
BRH:0
end_of_record
TN:
SF:src\containers\Bills.js
FN:6,(anonymous_0)
FN:13,(anonymous_1)
FN:14,(anonymous_2)
FN:19,(anonymous_3)
FN:23,(anonymous_4)
FN:30,(anonymous_5)
FN:35,(anonymous_6)
FN:37,(anonymous_7)
FN:53,(anonymous_8)
FN:59,(anonymous_9)
FNF:10
FNH:10
FNDA:18,(anonymous_0)
FNDA:40,(anonymous_1)
FNDA:1,(anonymous_2)
FNDA:2,(anonymous_3)
FNDA:1,(anonymous_4)
FNDA:11,(anonymous_5)
FNDA:6,(anonymous_6)
FNDA:24,(anonymous_7)
FNDA:18,(anonymous_8)
FNDA:24,(anonymous_9)
DA:7,18
DA:8,18
DA:9,18
DA:10,18
DA:11,18
DA:12,18
DA:13,18
DA:14,40
DA:16,18
DA:19,18
DA:20,2
DA:23,18
DA:24,1
DA:25,1
DA:26,1
DA:27,1
DA:30,18
DA:31,11
DA:32,11
DA:36,6
DA:38,24
DA:39,24
DA:45,0
DA:46,0
DA:55,18
DA:59,24
DA:61,6
LF:27
LH:25
BRDA:11,0,0,10
BRDA:11,0,1,8
BRDA:13,1,0,18
BRDA:13,1,1,0
BRDA:31,2,0,11
BRDA:31,2,1,0
BRF:6
BRH:4
end_of_record
TN:
SF:src\containers\Dashboard.js
FN:8,(anonymous_0)
FN:10,(anonymous_1)
FN:30,(anonymous_2)
FN:55,(anonymous_3)
FN:56,(anonymous_4)
FN:59,(anonymous_5)
FN:71,(anonymous_6)
FN:75,(anonymous_7)
FN:76,(anonymous_8)
FN:77,(anonymous_9)
FN:81,(anonymous_10)
FN:88,(anonymous_11)
FN:95,(anonymous_12)
FN:112,(anonymous_13)
FN:113,(anonymous_14)
FN:118,(anonymous_15)
FN:128,(anonymous_16)
FN:138,(anonymous_17)
FN:151,(anonymous_18)
FN:152,(anonymous_19)
FN:158,(anonymous_20)
FN:163,(anonymous_21)
FN:165,(anonymous_22)
FN:173,(anonymous_23)
FNF:24
FNH:19
FNDA:44,(anonymous_0)
FNDA:104,(anonymous_1)
FNDA:6,(anonymous_2)
FNDA:6,(anonymous_3)
FNDA:6,(anonymous_4)
FNDA:5,(anonymous_5)
FNDA:14,(anonymous_6)
FNDA:0,(anonymous_7)
FNDA:0,(anonymous_8)
FNDA:0,(anonymous_9)
FNDA:1,(anonymous_10)
FNDA:3,(anonymous_11)
FNDA:8,(anonymous_12)
FNDA:0,(anonymous_13)
FNDA:0,(anonymous_14)
FNDA:1,(anonymous_15)
FNDA:1,(anonymous_16)
FNDA:5,(anonymous_17)
FNDA:20,(anonymous_18)
FNDA:3,(anonymous_19)
FNDA:5,(anonymous_20)
FNDA:3,(anonymous_21)
FNDA:12,(anonymous_22)
FNDA:2,(anonymous_23)
DA:8,6
DA:9,44
DA:14,104
DA:15,104
DA:26,104
DA:30,6
DA:31,6
DA:32,6
DA:34,6
DA:37,6
DA:55,6
DA:56,6
DA:59,6
DA:60,5
DA:62,3
DA:64,1
DA:66,1
DA:72,14
DA:73,14
DA:74,14
DA:75,14
DA:76,14
DA:77,14
DA:78,14
DA:81,14
DA:82,1
DA:83,1
DA:84,1
DA:85,1
DA:89,3
DA:90,2
DA:91,2
DA:94,3
DA:95,2
DA:96,8
DA:98,2
DA:99,2
DA:100,2
DA:101,2
DA:103,1
DA:104,1
DA:107,1
DA:108,1
DA:111,3
DA:112,3
DA:113,3
DA:118,14
DA:119,1
DA:124,1
DA:125,1
DA:128,14
DA:129,1
DA:134,1
DA:135,1
DA:139,5
DA:140,5
DA:141,5
DA:142,5
DA:143,5
DA:144,5
DA:146,0
DA:147,0
DA:148,0
DA:151,5
DA:152,20
DA:155,5
DA:158,14
DA:159,5
DA:160,5
DA:164,3
DA:165,12
DA:171,3
DA:174,2
LF:73
LH:70
BRDA:9,0,0,26
BRDA:9,0,1,18
BRDA:9,1,0,44
BRDA:9,1,1,26
BRDA:14,2,0,104
BRDA:14,2,1,0
BRDA:32,3,0,0
BRDA:32,3,1,6
BRDA:34,4,0,0
BRDA:34,4,1,6
BRDA:56,5,0,5
BRDA:56,5,1,1
BRDA:56,6,0,6
BRDA:56,6,1,6
BRDA:60,7,0,3
BRDA:60,7,1,1
BRDA:60,7,2,1
BRDA:85,8,0,0
BRDA:85,8,1,1
BRDA:89,9,0,2
BRDA:89,9,1,1
BRDA:89,10,0,3
BRDA:89,10,1,3
BRDA:94,11,0,2
BRDA:94,11,1,1
BRDA:139,12,0,5
BRDA:139,12,1,0
BRDA:139,13,0,5
BRDA:139,13,1,2
BRDA:140,14,0,5
BRDA:140,14,1,0
BRDA:140,15,0,5
BRDA:140,15,1,2
BRDA:141,16,0,5
BRDA:141,16,1,0
BRDA:159,17,0,5
BRDA:159,17,1,0
BRF:37
BRH:29
end_of_record
TN:
SF:src\containers\Login.js
FN:7,(anonymous_0)
FN:18,(anonymous_1)
FN:29,(anonymous_2)
FN:31,(anonymous_3)
FN:40,(anonymous_4)
FN:51,(anonymous_5)
FN:53,(anonymous_6)
FN:62,(anonymous_7)
FN:68,(anonymous_8)
FN:77,(anonymous_9)
FN:87,(anonymous_10)
FNF:11
FNH:5
FNDA:5,(anonymous_0)
FNDA:2,(anonymous_1)
FNDA:0,(anonymous_2)
FNDA:2,(anonymous_3)
FNDA:2,(anonymous_4)
FNDA:0,(anonymous_5)
FNDA:2,(anonymous_6)
FNDA:0,(anonymous_7)
FNDA:0,(anonymous_8)
FNDA:0,(anonymous_9)
FNDA:0,(anonymous_10)
DA:3,4
DA:8,5
DA:9,5
DA:10,5
DA:11,5
DA:12,5
DA:13,5
DA:14,5
DA:15,5
DA:16,5
DA:18,5
DA:19,2
DA:20,2
DA:26,2
DA:27,2
DA:29,0
DA:32,2
DA:33,2
DA:34,2
DA:35,2
DA:40,5
DA:41,2
DA:42,2
DA:48,2
DA:49,2
DA:51,0
DA:54,2
DA:55,2
DA:56,2
DA:57,2
DA:62,5
DA:63,0
DA:64,0
DA:69,0
DA:72,0
DA:77,5
DA:78,0
DA:79,0
DA:88,0
DA:89,0
DA:92,0
LF:41
LH:30
BRDA:63,0,0,0
BRDA:63,0,1,0
BRDA:78,1,0,0
BRDA:78,1,1,0
BRF:4
BRH:0
end_of_record
TN:
SF:src\containers\Logout.js
FN:4,(anonymous_0)
FN:11,(anonymous_1)
FNF:2
FNH:2
FNDA:43,(anonymous_0)
FNDA:2,(anonymous_1)
DA:5,43
DA:6,43
DA:7,43
DA:8,43
DA:11,43
DA:12,2
DA:13,2
LF:7
LH:7
BRF:0
BRH:0
end_of_record
TN:
SF:src\containers\NewBill.js
FN:5,(anonymous_0)
FN:20,(anonymous_1)
FN:48,(anonymous_2)
FN:54,(anonymous_3)
FN:56,(anonymous_4)
FN:78,(anonymous_5)
FN:83,(anonymous_6)
FN:86,(anonymous_7)
FNF:8
FNH:6
FNDA:10,(anonymous_0)
FNDA:2,(anonymous_1)
FNDA:1,(anonymous_2)
FNDA:0,(anonymous_3)
FNDA:2,(anonymous_4)
FNDA:2,(anonymous_5)
FNDA:2,(anonymous_6)
FNDA:0,(anonymous_7)
DA:6,10
DA:7,10
DA:8,10
DA:9,10
DA:10,10
DA:12,10
DA:13,10
DA:15,10
DA:16,10
DA:17,10
DA:18,10
DA:20,10
DA:21,2
DA:22,2
DA:23,2
DA:26,2
DA:27,1
DA:29,1
DA:30,1
DA:33,1
DA:34,1
DA:35,1
DA:36,1
DA:37,1
DA:38,1
DA:40,1
DA:49,1
DA:50,1
DA:51,1
DA:52,1
DA:54,0
DA:56,10
DA:57,2
DA:58,2
DA:59,2
DA:60,2
DA:73,2
DA:74,2
DA:78,10
DA:79,2
DA:80,2
DA:84,2
DA:86,0
LF:43
LH:41
BRDA:26,0,0,1
BRDA:26,0,1,1
BRDA:67,1,0,2
BRDA:67,1,1,2
BRDA:79,2,0,2
BRDA:79,2,1,0
BRF:6
BRH:5
end_of_record
TN:
SF:src\views\Actions.js
FN:4,(anonymous_0)
FNF:1
FNH:1
FNDA:38,(anonymous_0)
DA:5,38
LF:1
LH:1
BRF:0
BRH:0
end_of_record
TN:
SF:src\views\BillsUI.js
FN:6,(anonymous_0)
FN:21,(anonymous_1)
FN:27,(anonymous_2)
FN:30,(anonymous_3)
FN:37,(anonymous_4)
FN:39,(anonymous_5)
FNF:6
FNH:6
FNDA:36,(anonymous_0)
FNDA:12,(anonymous_1)
FNDA:30,(anonymous_2)
FNDA:36,(anonymous_3)
FNDA:26,(anonymous_4)
FNDA:12,(anonymous_5)
DA:6,6
DA:7,36
DA:21,6
DA:23,12
DA:24,10
DA:27,30
DA:30,36
DA:33,2
DA:39,26
DA:56,26
DA:57,10
DA:58,16
DA:59,4
DA:64,12
LF:14
LH:14
BRDA:23,0,0,10
BRDA:23,0,1,2
BRDA:56,1,0,10
BRDA:56,1,1,16
BRDA:58,2,0,4
BRDA:58,2,1,12
BRF:6
BRH:6
end_of_record
TN:
SF:src\views\DashboardFormUI.js
FN:7,(anonymous_0)
FN:24,(anonymous_1)
FNF:2
FNH:2
FNDA:9,(anonymous_0)
FNDA:9,(anonymous_1)
DA:7,9
DA:26,9
LF:2
LH:2
BRDA:79,0,0,6
BRDA:79,0,1,3
BRDA:92,1,0,6
BRDA:92,1,1,3
BRF:4
BRH:4
end_of_record
TN:
SF:src\views\DashboardUI.js
FN:8,(anonymous_0)
FNF:1
FNH:1
FNDA:21,(anonymous_0)
DA:10,21
DA:11,6
DA:12,15
DA:13,3
DA:16,12
LF:5
LH:5
BRDA:10,0,0,6
BRDA:10,0,1,15
BRDA:12,1,0,3
BRDA:12,1,1,12
BRDA:22,2,0,12
BRDA:22,2,1,7
BRDA:29,3,0,12
BRDA:29,3,1,7
BRDA:36,4,0,12
BRDA:36,4,1,7
BRF:10
BRH:10
end_of_record
TN:
SF:src\views\ErrorPage.js
FN:3,(anonymous_0)
FNF:1
FNH:1
FNDA:13,(anonymous_0)
DA:4,13
LF:1
LH:1
BRDA:12,0,0,12
BRDA:12,0,1,1
BRF:2
BRH:2
end_of_record
TN:
SF:src\views\LoadingPage.js
FN:3,(anonymous_0)
FNF:1
FNH:1
FNDA:17,(anonymous_0)
DA:5,17
LF:1
LH:1
BRF:0
BRH:0
end_of_record
TN:
SF:src\views\LoginUI.js
FN:2,(anonymous_0)
FNF:1
FNH:1
FNDA:20,(anonymous_0)
DA:4,20
LF:1
LH:1
BRF:0
BRH:0
end_of_record
TN:
SF:src\views\NewBillUI.js
FN:3,(anonymous_0)
FNF:1
FNH:1
FNDA:12,(anonymous_0)
DA:5,12
LF:1
LH:1
BRF:0
BRH:0
end_of_record
TN:
SF:src\views\VerticalLayout.js
FN:5,(anonymous_0)
FNF:1
FNH:1
FNDA:67,(anonymous_0)
DA:7,67
DA:8,67
DA:9,53
DA:11,67
DA:12,37
DA:29,30
LF:6
LH:6
BRDA:8,0,0,53
BRDA:8,0,1,14
BRDA:11,1,0,37
BRDA:11,1,1,30
BRDA:11,2,0,67
BRDA:11,2,1,53
BRF:6
BRH:6
end_of_record
